[debug] [2021-04-03T21:47:50.228Z] ----------------------------------------------------------------------
[debug] [2021-04-03T21:47:50.229Z] Command:       C:\Program Files\nodejs\node.exe C:\Users\duy\AppData\Roaming\npm\node_modules\firebase-tools\lib\bin\firebase.js init
[debug] [2021-04-03T21:47:50.229Z] CLI Version:   9.8.0
[debug] [2021-04-03T21:47:50.229Z] Platform:      win32
[debug] [2021-04-03T21:47:50.230Z] Node Version:  v14.16.0
[debug] [2021-04-03T21:47:50.230Z] Time:          Sat Apr 03 2021 17:47:50 GMT-0400 (Eastern Daylight Time)
[debug] [2021-04-03T21:47:50.231Z] ----------------------------------------------------------------------
[debug] 
[debug] [2021-04-03T21:47:50.235Z] > command requires scopes: ["email","openid","https://www.googleapis.com/auth/cloudplatformprojects.readonly","https://www.googleapis.com/auth/firebase","https://www.googleapis.com/auth/cloud-platform"]
[debug] [2021-04-03T21:47:50.235Z] > authorizing via signed-in user
[info] 
     ######## #### ########  ######## ########     ###     ######  ########
     ##        ##  ##     ## ##       ##     ##  ##   ##  ##       ##
     ######    ##  ########  ######   ########  #########  ######  ######
     ##        ##  ##    ##  ##       ##     ## ##     ##       ## ##
     ##       #### ##     ## ######## ########  ##     ##  ######  ########

You're about to initialize a Firebase project in this directory:

  C:\Users\duy\COMP523-myMeds

Before we get started, keep in mind:

  * You are initializing in an existing Firebase project directory

[info] 
=== Project Setup
[info] 
[info] First, let's associate this project directory with a Firebase project.
[info] You can create multiple project aliases by running firebase use --add, 
[info] but for now we'll just set up a default project.
[info] 
[info] i  .firebaserc already has a default project, using my-meds-a3fdf. 
[debug] [2021-04-03T21:47:55.810Z] > refreshing access token with scopes: []
[debug] [2021-04-03T21:47:55.811Z] >>> HTTP REQUEST POST https://www.googleapis.com/oauth2/v3/token  
 <request body omitted>
[debug] [2021-04-03T21:47:55.937Z] <<< HTTP RESPONSE 200 {"pragma":"no-cache","cache-control":"no-cache, no-store, max-age=0, must-revalidate","expires":"Mon, 01 Jan 1990 00:00:00 GMT","date":"Sat, 03 Apr 2021 21:47:56 GMT","content-type":"application/json; charset=utf-8","vary":"X-Origin, Referer, Origin,Accept-Encoding","server":"scaffolding on HTTPServer2","x-xss-protection":"0","x-frame-options":"SAMEORIGIN","x-content-type-options":"nosniff","alt-svc":"h3-29=\":443\"; ma=2592000,h3-T051=\":443\"; ma=2592000,h3-Q050=\":443\"; ma=2592000,h3-Q046=\":443\"; ma=2592000,h3-Q043=\":443\"; ma=2592000,quic=\":443\"; ma=2592000; v=\"46,43\"","accept-ranges":"none","transfer-encoding":"chunked"}
[debug] [2021-04-03T21:47:55.947Z] >>> [apiv2][query] GET https://firebase.googleapis.com/v1beta1/projects/my-meds-a3fdf [none]
[debug] [2021-04-03T21:47:56.170Z] <<< [apiv2][status] GET https://firebase.googleapis.com/v1beta1/projects/my-meds-a3fdf 200
[debug] [2021-04-03T21:47:56.170Z] <<< [apiv2][body] GET https://firebase.googleapis.com/v1beta1/projects/my-meds-a3fdf {"projectId":"my-meds-a3fdf","projectNumber":"709594992642","displayName":"my-meds","name":"projects/my-meds-a3fdf","resources":{"hostingSite":"my-meds-a3fdf","realtimeDatabaseInstance":"my-meds-a3fdf-default-rtdb","storageBucket":"my-meds-a3fdf.appspot.com","locationId":"us-central"},"state":"ACTIVE"}
[info] 
=== Hosting Setup
[info] 
[info] Your public directory is the folder (relative to your project directory) that
[info] will contain Hosting assets to be uploaded with firebase deploy. If you
[info] have a build process for your assets, use your build's output directory.
[info] 
